<?xml version="1.0" encoding="UTF-8"?>
<!-- Generated by org.testng.reporters.JUnitXMLReporter -->
<testsuite ignored="0" hostname="ITEM-S102381" failures="0" tests="4" name="Test" time="24.833" errors="0" timestamp="29 Apr 2021 06:44:29 GMT">
  <testcase classname="Academy.E2ETest.ValidateTitle" name="@BeforeTest initilize" time="6.482">
    <failure type="java.lang.IllegalAccessError" message="class Academy.E2ETest.ValidateTitle (in unnamed module @0xf1a45f8) cannot access class jdk.internal.org.jline.utils.Log (in module jdk.internal.le) because module jdk.internal.le does not export jdk.internal.org.jline.utils to unnamed module @0xf1a45f8">
      <![CDATA[java.lang.IllegalAccessError: class Academy.E2ETest.ValidateTitle (in unnamed module @0xf1a45f8) cannot access class jdk.internal.org.jline.utils.Log (in module jdk.internal.le) because module jdk.internal.le does not export jdk.internal.org.jline.utils to unnamed module @0xf1a45f8
at Academy.E2ETest.ValidateTitle.initilize(ValidateTitle.java:26)
... Removed 24 stack frames]]>
    </failure>
  </testcase> <!-- @BeforeTest initilize -->
  <testcase classname="Academy.E2ETest.HomePage" name="@AfterTest teardown" time="0.0">
    <skipped/>
  </testcase> <!-- @AfterTest teardown -->
  <testcase classname="Academy.E2ETest.ValidateNavigations" name="@AfterTest teardown" time="0.0">
    <skipped/>
  </testcase> <!-- @AfterTest teardown -->
  <testcase classname="Academy.E2ETest.ValidateTitle" name="@AfterTest teardown" time="0.0">
    <skipped/>
  </testcase> <!-- @AfterTest teardown -->
  <testcase classname="Academy.E2ETest.HomePage" name="basePageNavigation" time="0.0">
    <skipped/>
  </testcase> <!-- basePageNavigation -->
  <testcase classname="Academy.E2ETest.HomePage" name="basePageNavigation" time="0.0">
    <skipped/>
  </testcase> <!-- basePageNavigation -->
  <testcase classname="Academy.E2ETest.ValidateTitle" name="basePageNavigation" time="0.0">
    <skipped/>
  </testcase> <!-- basePageNavigation -->
  <testcase classname="Academy.E2ETest.ValidateNavigations" name="basePageNavigation" time="0.0">
    <skipped/>
  </testcase> <!-- basePageNavigation -->
</testsuite> <!-- Test -->
