<?xml version="1.0" encoding="UTF-8"?>
<testng-results skipped="0" failed="0" ignored="0" total="4" passed="4">
  <reporter-output>
  </reporter-output>
  <suite name="Suite" duration-ms="28351" started-at="2021-05-04T15:12:00Z" finished-at="2021-05-04T15:12:28Z">
    <groups>
    </groups>
    <test name="Validating App Test" duration-ms="6" started-at="2021-05-04T15:12:00Z" finished-at="2021-05-04T15:12:00Z">
    </test> <!-- Validating App Test -->
    <test name="Validating the Navigations" duration-ms="22887" started-at="2021-05-04T15:12:00Z" finished-at="2021-05-04T15:12:23Z">
      <class name="Academy.E2ETest.ValidateNavigations">
        <test-method status="PASS" signature="initilize()[pri:0, instance:Academy.E2ETest.ValidateNavigations@b978d10]" name="initilize" is-config="true" duration-ms="21432" started-at="2021-05-04T15:12:00Z" finished-at="2021-05-04T15:12:21Z">
          <reporter-output>
          </reporter-output>
        </test-method> <!-- initilize -->
        <test-method status="PASS" signature="basePageNavigation()[pri:0, instance:Academy.E2ETest.ValidateNavigations@b978d10]" name="basePageNavigation" duration-ms="212" started-at="2021-05-04T15:12:21Z" finished-at="2021-05-04T15:12:22Z">
          <reporter-output>
          </reporter-output>
        </test-method> <!-- basePageNavigation -->
        <test-method status="PASS" signature="teardown()[pri:0, instance:Academy.E2ETest.ValidateNavigations@b978d10]" name="teardown" is-config="true" duration-ms="1222" started-at="2021-05-04T15:12:22Z" finished-at="2021-05-04T15:12:23Z">
          <reporter-output>
          </reporter-output>
        </test-method> <!-- teardown -->
      </class> <!-- Academy.E2ETest.ValidateNavigations -->
    </test> <!-- Validating the Navigations -->
    <test name="Validating the title in the page" duration-ms="23299" started-at="2021-05-04T15:12:00Z" finished-at="2021-05-04T15:12:23Z">
      <class name="Academy.E2ETest.ValidateTitle">
        <test-method status="PASS" signature="initilize()[pri:0, instance:Academy.E2ETest.ValidateTitle@4816278d]" name="initilize" is-config="true" duration-ms="22557" started-at="2021-05-04T15:12:00Z" finished-at="2021-05-04T15:12:23Z">
          <reporter-output>
          </reporter-output>
        </test-method> <!-- initilize -->
        <test-method status="PASS" signature="validateAppTitle()[pri:0, instance:Academy.E2ETest.ValidateTitle@4816278d]" name="validateAppTitle" duration-ms="108" started-at="2021-05-04T15:12:23Z" finished-at="2021-05-04T15:12:23Z">
          <reporter-output>
          </reporter-output>
        </test-method> <!-- validateAppTitle -->
        <test-method status="PASS" signature="teardown()[pri:0, instance:Academy.E2ETest.ValidateTitle@4816278d]" name="teardown" is-config="true" duration-ms="630" started-at="2021-05-04T15:12:23Z" finished-at="2021-05-04T15:12:23Z">
          <reporter-output>
          </reporter-output>
        </test-method> <!-- teardown -->
      </class> <!-- Academy.E2ETest.ValidateTitle -->
    </test> <!-- Validating the title in the page -->
    <test name="Validating Home Page" duration-ms="28351" started-at="2021-05-04T15:12:00Z" finished-at="2021-05-04T15:12:28Z">
      <class name="Academy.E2ETest.HomePage">
        <test-method status="PASS" signature="initilize()[pri:0, instance:Academy.E2ETest.HomePage@31920ade]" name="initilize" is-config="true" duration-ms="13077" started-at="2021-05-04T15:12:00Z" finished-at="2021-05-04T15:12:13Z">
          <reporter-output>
          </reporter-output>
        </test-method> <!-- initilize -->
        <test-method status="PASS" signature="basePageNavigation(java.lang.String, java.lang.String, java.lang.String)[pri:0, instance:Academy.E2ETest.HomePage@31920ade]" name="basePageNavigation" duration-ms="12016" started-at="2021-05-04T15:12:13Z" data-provider="getData" finished-at="2021-05-04T15:12:25Z">
          <params>
            <param index="0">
              <value>
                <![CDATA[nonrestricteduser1@gmail.com]]>
              </value>
            </param>
            <param index="1">
              <value>
                <![CDATA[Hellow123]]>
              </value>
            </param>
            <param index="2">
              <value>
                <![CDATA[restricteduser1@gmail.com]]>
              </value>
            </param>
          </params>
          <reporter-output>
          </reporter-output>
        </test-method> <!-- basePageNavigation -->
        <test-method status="PASS" signature="basePageNavigation(java.lang.String, java.lang.String, java.lang.String)[pri:0, instance:Academy.E2ETest.HomePage@31920ade]" name="basePageNavigation" duration-ms="3083" started-at="2021-05-04T15:12:25Z" data-provider="getData" finished-at="2021-05-04T15:12:28Z">
          <params>
            <param index="0">
              <value>
                <![CDATA[nonrestrictedusr2@gmail.com]]>
              </value>
            </param>
            <param index="1">
              <value>
                <![CDATA[Hello123]]>
              </value>
            </param>
            <param index="2">
              <value>
                <![CDATA[restricteduser2@gmail.com]]>
              </value>
            </param>
          </params>
          <reporter-output>
          </reporter-output>
        </test-method> <!-- basePageNavigation -->
        <test-method status="PASS" signature="teardown()[pri:0, instance:Academy.E2ETest.HomePage@31920ade]" name="teardown" is-config="true" duration-ms="123" started-at="2021-05-04T15:12:28Z" finished-at="2021-05-04T15:12:28Z">
          <reporter-output>
          </reporter-output>
        </test-method> <!-- teardown -->
      </class> <!-- Academy.E2ETest.HomePage -->
    </test> <!-- Validating Home Page -->
  </suite> <!-- Suite -->
</testng-results>
