-------------------------------------------------------------------------------
Test set: TestSuite
-------------------------------------------------------------------------------
Tests run: 4, Failures: 1, Errors: 0, Skipped: 0, Time elapsed: 59.06 s <<< FAILURE! - in TestSuite
Academy.E2ETest.ValidateTitle.validateAppTitle  Time elapsed: 0.328 s  <<< FAILURE!
java.lang.AssertionError: expected [FEATURED COURSES123] but found [FEATURED COURSES]
	at Academy.E2ETest.ValidateTitle.validateAppTitle(ValidateTitle.java:43)

