<?xml version="1.0" encoding="UTF-8"?>
<testng-results ignored="0" total="2" passed="2" failed="0" skipped="0">
  <reporter-output>
  </reporter-output>
  <suite started-at="2021-04-29T12:34:42Z" name="Default suite" finished-at="2021-04-29T12:35:01Z" duration-ms="19183">
    <groups>
    </groups>
    <test started-at="2021-04-29T12:34:42Z" name="Default test" finished-at="2021-04-29T12:35:01Z" duration-ms="19183">
      <class name="Academy.E2ETest.HomePage">
        <test-method is-config="true" signature="initilize()[pri:0, instance:Academy.E2ETest.HomePage@7927bd9f]" started-at="2021-04-29T12:34:42Z" name="initilize" finished-at="2021-04-29T12:34:48Z" duration-ms="5811" status="PASS">
          <reporter-output>
          </reporter-output>
        </test-method> <!-- initilize -->
        <test-method signature="basePageNavigation(java.lang.String, java.lang.String, java.lang.String)[pri:0, instance:Academy.E2ETest.HomePage@7927bd9f]" started-at="2021-04-29T12:34:48Z" name="basePageNavigation" data-provider="getData" finished-at="2021-04-29T12:34:55Z" duration-ms="7048" status="PASS">
          <params>
            <param index="0">
              <value>
                <![CDATA[nonrestricteduser1@gmail.com]]>
              </value>
            </param>
            <param index="1">
              <value>
                <![CDATA[Hellow123]]>
              </value>
            </param>
            <param index="2">
              <value>
                <![CDATA[restricteduser1@gmail.com]]>
              </value>
            </param>
          </params>
          <reporter-output>
          </reporter-output>
        </test-method> <!-- basePageNavigation -->
        <test-method signature="basePageNavigation(java.lang.String, java.lang.String, java.lang.String)[pri:0, instance:Academy.E2ETest.HomePage@7927bd9f]" started-at="2021-04-29T12:34:55Z" name="basePageNavigation" data-provider="getData" finished-at="2021-04-29T12:35:01Z" duration-ms="5752" status="PASS">
          <params>
            <param index="0">
              <value>
                <![CDATA[nonrestrictedusr2@gmail.com]]>
              </value>
            </param>
            <param index="1">
              <value>
                <![CDATA[Hello123]]>
              </value>
            </param>
            <param index="2">
              <value>
                <![CDATA[restricteduser2@gmail.com]]>
              </value>
            </param>
          </params>
          <reporter-output>
          </reporter-output>
        </test-method> <!-- basePageNavigation -->
        <test-method is-config="true" signature="teardown()[pri:0, instance:Academy.E2ETest.HomePage@7927bd9f]" started-at="2021-04-29T12:35:01Z" name="teardown" finished-at="2021-04-29T12:35:01Z" duration-ms="538" status="PASS">
          <reporter-output>
          </reporter-output>
        </test-method> <!-- teardown -->
      </class> <!-- Academy.E2ETest.HomePage -->
    </test> <!-- Default test -->
  </suite> <!-- Default suite -->
</testng-results>
