<?xml version="1.0" encoding="UTF-8"?>
<testng-results ignored="0" total="4" passed="4" failed="0" skipped="0">
  <reporter-output>
  </reporter-output>
  <suite started-at="2021-05-04T15:10:43Z" name="Suite" finished-at="2021-05-04T15:11:25Z" duration-ms="42310">
    <groups>
    </groups>
    <test started-at="2021-05-04T15:10:43Z" name="Validating App Test" finished-at="2021-05-04T15:10:43Z" duration-ms="9">
    </test> <!-- Validating App Test -->
    <test started-at="2021-05-04T15:10:43Z" name="Validating the title in the page" finished-at="2021-05-04T15:11:19Z" duration-ms="35996">
      <class name="Academy.E2ETest.ValidateTitle">
        <test-method is-config="true" signature="initilize()[pri:0, instance:Academy.E2ETest.ValidateTitle@352e612e]" started-at="2021-05-04T15:10:43Z" name="initilize" finished-at="2021-05-04T15:11:16Z" duration-ms="32489" status="PASS">
          <reporter-output>
          </reporter-output>
        </test-method> <!-- initilize -->
        <test-method signature="validateAppTitle()[pri:0, instance:Academy.E2ETest.ValidateTitle@352e612e]" started-at="2021-05-04T15:11:16Z" name="validateAppTitle" finished-at="2021-05-04T15:11:16Z" duration-ms="329" status="PASS">
          <reporter-output>
          </reporter-output>
        </test-method> <!-- validateAppTitle -->
        <test-method is-config="true" signature="teardown()[pri:0, instance:Academy.E2ETest.ValidateTitle@352e612e]" started-at="2021-05-04T15:11:16Z" name="teardown" finished-at="2021-05-04T15:11:19Z" duration-ms="3140" status="PASS">
          <reporter-output>
          </reporter-output>
        </test-method> <!-- teardown -->
      </class> <!-- Academy.E2ETest.ValidateTitle -->
    </test> <!-- Validating the title in the page -->
    <test started-at="2021-05-04T15:10:43Z" name="Validating the Navigations" finished-at="2021-05-04T15:11:19Z" duration-ms="35954">
      <class name="Academy.E2ETest.ValidateNavigations">
        <test-method is-config="true" signature="initilize()[pri:0, instance:Academy.E2ETest.ValidateNavigations@56febdc]" started-at="2021-05-04T15:10:43Z" name="initilize" finished-at="2021-05-04T15:11:15Z" duration-ms="32296" status="PASS">
          <reporter-output>
          </reporter-output>
        </test-method> <!-- initilize -->
        <test-method signature="basePageNavigation()[pri:0, instance:Academy.E2ETest.ValidateNavigations@56febdc]" started-at="2021-05-04T15:11:15Z" name="basePageNavigation" finished-at="2021-05-04T15:11:16Z" duration-ms="520" status="PASS">
          <reporter-output>
          </reporter-output>
        </test-method> <!-- basePageNavigation -->
        <test-method is-config="true" signature="teardown()[pri:0, instance:Academy.E2ETest.ValidateNavigations@56febdc]" started-at="2021-05-04T15:11:16Z" name="teardown" finished-at="2021-05-04T15:11:19Z" duration-ms="3099" status="PASS">
          <reporter-output>
          </reporter-output>
        </test-method> <!-- teardown -->
      </class> <!-- Academy.E2ETest.ValidateNavigations -->
    </test> <!-- Validating the Navigations -->
    <test started-at="2021-05-04T15:10:43Z" name="Validating Home Page" finished-at="2021-05-04T15:11:25Z" duration-ms="42310">
      <class name="Academy.E2ETest.HomePage">
        <test-method is-config="true" signature="initilize()[pri:0, instance:Academy.E2ETest.HomePage@26a529dc]" started-at="2021-05-04T15:10:43Z" name="initilize" finished-at="2021-05-04T15:10:57Z" duration-ms="14090" status="PASS">
          <reporter-output>
          </reporter-output>
        </test-method> <!-- initilize -->
        <test-method signature="basePageNavigation(java.lang.String, java.lang.String, java.lang.String)[pri:0, instance:Academy.E2ETest.HomePage@26a529dc]" started-at="2021-05-04T15:10:57Z" name="basePageNavigation" data-provider="getData" finished-at="2021-05-04T15:11:21Z" duration-ms="23534" status="PASS">
          <params>
            <param index="0">
              <value>
                <![CDATA[nonrestricteduser1@gmail.com]]>
              </value>
            </param>
            <param index="1">
              <value>
                <![CDATA[Hellow123]]>
              </value>
            </param>
            <param index="2">
              <value>
                <![CDATA[restricteduser1@gmail.com]]>
              </value>
            </param>
          </params>
          <reporter-output>
          </reporter-output>
        </test-method> <!-- basePageNavigation -->
        <test-method signature="basePageNavigation(java.lang.String, java.lang.String, java.lang.String)[pri:0, instance:Academy.E2ETest.HomePage@26a529dc]" started-at="2021-05-04T15:11:21Z" name="basePageNavigation" data-provider="getData" finished-at="2021-05-04T15:11:25Z" duration-ms="4429" status="PASS">
          <params>
            <param index="0">
              <value>
                <![CDATA[nonrestrictedusr2@gmail.com]]>
              </value>
            </param>
            <param index="1">
              <value>
                <![CDATA[Hello123]]>
              </value>
            </param>
            <param index="2">
              <value>
                <![CDATA[restricteduser2@gmail.com]]>
              </value>
            </param>
          </params>
          <reporter-output>
          </reporter-output>
        </test-method> <!-- basePageNavigation -->
        <test-method is-config="true" signature="teardown()[pri:0, instance:Academy.E2ETest.HomePage@26a529dc]" started-at="2021-05-04T15:11:25Z" name="teardown" finished-at="2021-05-04T15:11:25Z" duration-ms="211" status="PASS">
          <reporter-output>
          </reporter-output>
        </test-method> <!-- teardown -->
      </class> <!-- Academy.E2ETest.HomePage -->
    </test> <!-- Validating Home Page -->
  </suite> <!-- Suite -->
</testng-results>
